<?xml version="1.0" encoding="UTF-8"?>
<!-- Generated by org.testng.reporters.JUnitXMLReporter -->
<testsuite hostname="USHYDNEMOHANTY1" ignored="0" name="Smoke" tests="2" failures="0" timestamp="2020-08-05T20:38:58 IST" time="63.731" errors="0">
  <testcase name="validatePremierCabs" time="24.094" classname="com.deloitte.au.premiercabs.testcases.TC_ValidatePremierCabs_01"/>
  <testcase name="validateDriverPortalLogin" time="15.001" classname="com.deloitte.au.premiercabs.testcases.TC_ValidateDriverPortalLogin_02"/>
</testsuite> <!-- Smoke -->
